#
# A fatal error has been detected by the Java Runtime Environment:
#
#  SIGSEGV (0xb) at pc=0x00007fa9e3519655, pid=3208, tid=3208
#
# JRE version: Java(TM) SE Runtime Environment (11.0.1+13) (build 11.0.1+13-LTS)
# Java VM: Java HotSpot(TM) 64-Bit Server VM (11.0.1+13-LTS, mixed mode, tiered, compressed oops, g1 gc, linux-amd64)
# Problematic frame:
# C  [libpthread.so.0+0xa655]  __GI___pthread_timedjoin_ex+0x175
#
# Core dump will be written. Default location: Core dumps may be processed with "/usr/share/apport/apport %p %s %c %d %P" (or dumping to /home/manish/Microservice/JavaLearning/core.3208)
#
# If you would like to submit a bug report, please visit:
#   http://bugreport.java.com/bugreport/crash.jsp
#

---------------  S U M M A R Y ------------

Command Line: -javaagent:/snap/intellij-idea-community/172/lib/idea_rt.jar=38389:/snap/intellij-idea-community/172/bin -Dfile.encoding=UTF-8 practice.PyramidPrinting

Host: Intel(R) Core(TM) i7-4700MQ CPU @ 2.40GHz, 8 cores, 7G, Ubuntu 19.04
Time: Fri Sep 13 01:09:02 2019 IST elapsed time: 4829 seconds (0d 1h 20m 29s)

---------------  T H R E A D  ---------------

Current thread is native thread

Stack: [0x00007ffe5c65f000,0x00007ffe5ce5e000],  sp=0x00007ffe5ce592a0,  free space=8168k
Native frames: (J=compiled Java code, A=aot compiled Java code, j=interpreted, Vv=VM code, C=native code)
C  [libpthread.so.0+0xa655]  __GI___pthread_timedjoin_ex+0x175


siginfo: si_signo: 11 (SIGSEGV), si_code: 0 (SI_USER), si_pid: 19937, si_uid: 1000

Register to memory mapping:

RAX=
[error occurred during error reporting (printing register info), id 0xb, SIGSEGV (0xb) at pc=0x00007fa9e2a23637]

Registers:
RAX=0x00000000000000ca, RBX=0x00007fa9e1ada700, RCX=0x00007fa9e3519657, RDX=0x0000000000000c8a
RSP=0x00007ffe5ce592a0, RBP=0x0000000000000c8a, RSI=0x0000000000000000, RDI=0x00007fa9e1ada9d0
R8 =0x0000000000000000, R9 =0x00007fa9e1ada700, R10=0x0000000000000000, R11=0x0000000000000246
R12=0x00007ffe5ce59328, R13=0x00007ffe5ce592b0, R14=0x00007fa9e1ada9d0, R15=0x00000000000000ca
RIP=0x00007fa9e3519655, EFLAGS=0x0000000000000246, CSGSFS=0x002b000000000033, ERR=0x0000000000000004
  TRAPNO=0x000000000000000e

Top of Stack: (sp=0x00007ffe5ce592a0)
0x00007ffe5ce592a0:   0000000000000000 0000000000000000
0x00007ffe5ce592b0:   00007fa9e35194c0 00007fa9e1adad28
0x00007ffe5ce592c0:   0000000000000000 0000000000000000
0x00007ffe5ce592d0:   0000000000000000 e70d9bb123f9bd00 

Instructions: (pc=0x00007fa9e3519655)
0x00007fa9e3519635:   e9 48 ff ff ff 66 0f 1f 44 00 00 e8 9b 83 00 00
0x00007fa9e3519645:   45 31 d2 89 ea 31 f6 41 89 c0 4c 89 f7 44 89 f8
0x00007fa9e3519655:   0f 05 44 89 c7 e8 e1 83 00 00 41 8b 2e 85 ed 75
0x00007fa9e3519665:   da 31 f6 4c 89 ef e8 a0 7f 00 00 e9 e9 fe ff ff 


---------------  P R O C E S S  ---------------

VM state:not at safepoint (normal execution)

VM Mutex/Monitor currently owned by a thread: None

Heap address: 0x0000000084400000, size: 1980 MB, Compressed Oops mode: 32-bit
Narrow klass base: 0x0000000000000000, Narrow klass shift: 3
Compressed class space size: 1073741824 Address: 0x0000000100000000

Heap:
 garbage-first heap   total 126976K, used 5120K [0x0000000084400000, 0x0000000100000000)
  region size 1024K, 6 young (6144K), 0 survivors (0K)
 Metaspace       used 8282K, capacity 8407K, committed 8576K, reserved 1056768K
  class space    used 754K, capacity 802K, committed 896K, reserved 1048576K
Heap Regions: E=young(eden), S=young(survivor), O=old, HS=humongous(starts), HC=humongous(continues), CS=collection set, F=free, A=archive, TAMS=top-at-mark-start (previous, next)
|   0|0x0000000084400000, 0x0000000084400000, 0x0000000084500000|  0%| F|  |TAMS 0x0000000084400000, 0x0000000084400000| Untracked 
|   1|0x0000000084500000, 0x0000000084500000, 0x0000000084600000|  0%| F|  |TAMS 0x0000000084500000, 0x0000000084500000| Untracked 
|   2|0x0000000084600000, 0x0000000084600000, 0x0000000084700000|  0%| F|  |TAMS 0x0000000084600000, 0x0000000084600000| Untracked 
|   3|0x0000000084700000, 0x0000000084700000, 0x0000000084800000|  0%| F|  |TAMS 0x0000000084700000, 0x0000000084700000| Untracked 
|   4|0x0000000084800000, 0x0000000084800000, 0x0000000084900000|  0%| F|  |TAMS 0x0000000084800000, 0x0000000084800000| Untracked 
|   5|0x0000000084900000, 0x0000000084900000, 0x0000000084a00000|  0%| F|  |TAMS 0x0000000084900000, 0x0000000084900000| Untracked 
|   6|0x0000000084a00000, 0x0000000084a00000, 0x0000000084b00000|  0%| F|  |TAMS 0x0000000084a00000, 0x0000000084a00000| Untracked 
|   7|0x0000000084b00000, 0x0000000084b00000, 0x0000000084c00000|  0%| F|  |TAMS 0x0000000084b00000, 0x0000000084b00000| Untracked 
|   8|0x0000000084c00000, 0x0000000084c00000, 0x0000000084d00000|  0%| F|  |TAMS 0x0000000084c00000, 0x0000000084c00000| Untracked 
|   9|0x0000000084d00000, 0x0000000084d00000, 0x0000000084e00000|  0%| F|  |TAMS 0x0000000084d00000, 0x0000000084d00000| Untracked 
|  10|0x0000000084e00000, 0x0000000084e00000, 0x0000000084f00000|  0%| F|  |TAMS 0x0000000084e00000, 0x0000000084e00000| Untracked 
|  11|0x0000000084f00000, 0x0000000084f00000, 0x0000000085000000|  0%| F|  |TAMS 0x0000000084f00000, 0x0000000084f00000| Untracked 
|  12|0x0000000085000000, 0x0000000085000000, 0x0000000085100000|  0%| F|  |TAMS 0x0000000085000000, 0x0000000085000000| Untracked 
|  13|0x0000000085100000, 0x0000000085100000, 0x0000000085200000|  0%| F|  |TAMS 0x0000000085100000, 0x0000000085100000| Untracked 
|  14|0x0000000085200000, 0x0000000085200000, 0x0000000085300000|  0%| F|  |TAMS 0x0000000085200000, 0x0000000085200000| Untracked 
|  15|0x0000000085300000, 0x0000000085300000, 0x0000000085400000|  0%| F|  |TAMS 0x0000000085300000, 0x0000000085300000| Untracked 
|  16|0x0000000085400000, 0x0000000085400000, 0x0000000085500000|  0%| F|  |TAMS 0x0000000085400000, 0x0000000085400000| Untracked 
|  17|0x0000000085500000, 0x0000000085500000, 0x0000000085600000|  0%| F|  |TAMS 0x0000000085500000, 0x0000000085500000| Untracked 
|  18|0x0000000085600000, 0x0000000085600000, 0x0000000085700000|  0%| F|  |TAMS 0x0000000085600000, 0x0000000085600000| Untracked 
|  19|0x0000000085700000, 0x0000000085700000, 0x0000000085800000|  0%| F|  |TAMS 0x0000000085700000, 0x0000000085700000| Untracked 
|  20|0x0000000085800000, 0x0000000085800000, 0x0000000085900000|  0%| F|  |TAMS 0x0000000085800000, 0x0000000085800000| Untracked 
|  21|0x0000000085900000, 0x0000000085900000, 0x0000000085a00000|  0%| F|  |TAMS 0x0000000085900000, 0x0000000085900000| Untracked 
|  22|0x0000000085a00000, 0x0000000085a00000, 0x0000000085b00000|  0%| F|  |TAMS 0x0000000085a00000, 0x0000000085a00000| Untracked 
|  23|0x0000000085b00000, 0x0000000085b00000, 0x0000000085c00000|  0%| F|  |TAMS 0x0000000085b00000, 0x0000000085b00000| Untracked 
|  24|0x0000000085c00000, 0x0000000085c00000, 0x0000000085d00000|  0%| F|  |TAMS 0x0000000085c00000, 0x0000000085c00000| Untracked 
|  25|0x0000000085d00000, 0x0000000085d00000, 0x0000000085e00000|  0%| F|  |TAMS 0x0000000085d00000, 0x0000000085d00000| Untracked 
|  26|0x0000000085e00000, 0x0000000085e00000, 0x0000000085f00000|  0%| F|  |TAMS 0x0000000085e00000, 0x0000000085e00000| Untracked 
|  27|0x0000000085f00000, 0x0000000085f00000, 0x0000000086000000|  0%| F|  |TAMS 0x0000000085f00000, 0x0000000085f00000| Untracked 
|  28|0x0000000086000000, 0x0000000086000000, 0x0000000086100000|  0%| F|  |TAMS 0x0000000086000000, 0x0000000086000000| Untracked 
|  29|0x0000000086100000, 0x0000000086100000, 0x0000000086200000|  0%| F|  |TAMS 0x0000000086100000, 0x0000000086100000| Untracked 
|  30|0x0000000086200000, 0x0000000086200000, 0x0000000086300000|  0%| F|  |TAMS 0x0000000086200000, 0x0000000086200000| Untracked 
|  31|0x0000000086300000, 0x0000000086300000, 0x0000000086400000|  0%| F|  |TAMS 0x0000000086300000, 0x0000000086300000| Untracked 
|  32|0x0000000086400000, 0x0000000086400000, 0x0000000086500000|  0%| F|  |TAMS 0x0000000086400000, 0x0000000086400000| Untracked 
|  33|0x0000000086500000, 0x0000000086500000, 0x0000000086600000|  0%| F|  |TAMS 0x0000000086500000, 0x0000000086500000| Untracked 
|  34|0x0000000086600000, 0x0000000086600000, 0x0000000086700000|  0%| F|  |TAMS 0x0000000086600000, 0x0000000086600000| Untracked 
|  35|0x0000000086700000, 0x0000000086700000, 0x0000000086800000|  0%| F|  |TAMS 0x0000000086700000, 0x0000000086700000| Untracked 
|  36|0x0000000086800000, 0x0000000086800000, 0x0000000086900000|  0%| F|  |TAMS 0x0000000086800000, 0x0000000086800000| Untracked 
|  37|0x0000000086900000, 0x0000000086900000, 0x0000000086a00000|  0%| F|  |TAMS 0x0000000086900000, 0x0000000086900000| Untracked 
|  38|0x0000000086a00000, 0x0000000086a00000, 0x0000000086b00000|  0%| F|  |TAMS 0x0000000086a00000, 0x0000000086a00000| Untracked 
|  39|0x0000000086b00000, 0x0000000086b00000, 0x0000000086c00000|  0%| F|  |TAMS 0x0000000086b00000, 0x0000000086b00000| Untracked 
|  40|0x0000000086c00000, 0x0000000086c00000, 0x0000000086d00000|  0%| F|  |TAMS 0x0000000086c00000, 0x0000000086c00000| Untracked 
|  41|0x0000000086d00000, 0x0000000086d00000, 0x0000000086e00000|  0%| F|  |TAMS 0x0000000086d00000, 0x0000000086d00000| Untracked 
|  42|0x0000000086e00000, 0x0000000086e00000, 0x0000000086f00000|  0%| F|  |TAMS 0x0000000086e00000, 0x0000000086e00000| Untracked 
|  43|0x0000000086f00000, 0x0000000086f00000, 0x0000000087000000|  0%| F|  |TAMS 0x0000000086f00000, 0x0000000086f00000| Untracked 
|  44|0x0000000087000000, 0x0000000087000000, 0x0000000087100000|  0%| F|  |TAMS 0x0000000087000000, 0x0000000087000000| Untracked 
|  45|0x0000000087100000, 0x0000000087100000, 0x0000000087200000|  0%| F|  |TAMS 0x0000000087100000, 0x0000000087100000| Untracked 
|  46|0x0000000087200000, 0x0000000087200000, 0x0000000087300000|  0%| F|  |TAMS 0x0000000087200000, 0x0000000087200000| Untracked 
|  47|0x0000000087300000, 0x0000000087300000, 0x0000000087400000|  0%| F|  |TAMS 0x0000000087300000, 0x0000000087300000| Untracked 
|  48|0x0000000087400000, 0x0000000087400000, 0x0000000087500000|  0%| F|  |TAMS 0x0000000087400000, 0x0000000087400000| Untracked 
|  49|0x0000000087500000, 0x0000000087500000, 0x0000000087600000|  0%| F|  |TAMS 0x0000000087500000, 0x0000000087500000| Untracked 
|  50|0x0000000087600000, 0x0000000087600000, 0x0000000087700000|  0%| F|  |TAMS 0x0000000087600000, 0x0000000087600000| Untracked 
|  51|0x0000000087700000, 0x0000000087700000, 0x0000000087800000|  0%| F|  |TAMS 0x0000000087700000, 0x0000000087700000| Untracked 
|  52|0x0000000087800000, 0x0000000087800000, 0x0000000087900000|  0%| F|  |TAMS 0x0000000087800000, 0x0000000087800000| Untracked 
|  53|0x0000000087900000, 0x0000000087900000, 0x0000000087a00000|  0%| F|  |TAMS 0x0000000087900000, 0x0000000087900000| Untracked 
|  54|0x0000000087a00000, 0x0000000087a00000, 0x0000000087b00000|  0%| F|  |TAMS 0x0000000087a00000, 0x0000000087a00000| Untracked 
|  55|0x0000000087b00000, 0x0000000087b00000, 0x0000000087c00000|  0%| F|  |TAMS 0x0000000087b00000, 0x0000000087b00000| Untracked 
|  56|0x0000000087c00000, 0x0000000087c00000, 0x0000000087d00000|  0%| F|  |TAMS 0x0000000087c00000, 0x0000000087c00000| Untracked 
|  57|0x0000000087d00000, 0x0000000087d00000, 0x0000000087e00000|  0%| F|  |TAMS 0x0000000087d00000, 0x0000000087d00000| Untracked 
|  58|0x0000000087e00000, 0x0000000087e00000, 0x0000000087f00000|  0%| F|  |TAMS 0x0000000087e00000, 0x0000000087e00000| Untracked 
|  59|0x0000000087f00000, 0x0000000087f00000, 0x0000000088000000|  0%| F|  |TAMS 0x0000000087f00000, 0x0000000087f00000| Untracked 
|  60|0x0000000088000000, 0x0000000088000000, 0x0000000088100000|  0%| F|  |TAMS 0x0000000088000000, 0x0000000088000000| Untracked 
|  61|0x0000000088100000, 0x0000000088100000, 0x0000000088200000|  0%| F|  |TAMS 0x0000000088100000, 0x0000000088100000| Untracked 
|  62|0x0000000088200000, 0x0000000088200000, 0x0000000088300000|  0%| F|  |TAMS 0x0000000088200000, 0x0000000088200000| Untracked 
|  63|0x0000000088300000, 0x0000000088300000, 0x0000000088400000|  0%| F|  |TAMS 0x0000000088300000, 0x0000000088300000| Untracked 
|  64|0x0000000088400000, 0x0000000088400000, 0x0000000088500000|  0%| F|  |TAMS 0x0000000088400000, 0x0000000088400000| Untracked 
|  65|0x0000000088500000, 0x0000000088500000, 0x0000000088600000|  0%| F|  |TAMS 0x0000000088500000, 0x0000000088500000| Untracked 
|  66|0x0000000088600000, 0x0000000088600000, 0x0000000088700000|  0%| F|  |TAMS 0x0000000088600000, 0x0000000088600000| Untracked 
|  67|0x0000000088700000, 0x0000000088700000, 0x0000000088800000|  0%| F|  |TAMS 0x0000000088700000, 0x0000000088700000| Untracked 
|  68|0x0000000088800000, 0x0000000088800000, 0x0000000088900000|  0%| F|  |TAMS 0x0000000088800000, 0x0000000088800000| Untracked 
|  69|0x0000000088900000, 0x0000000088900000, 0x0000000088a00000|  0%| F|  |TAMS 0x0000000088900000, 0x0000000088900000| Untracked 
|  70|0x0000000088a00000, 0x0000000088a00000, 0x0000000088b00000|  0%| F|  |TAMS 0x0000000088a00000, 0x0000000088a00000| Untracked 
|  71|0x0000000088b00000, 0x0000000088b00000, 0x0000000088c00000|  0%| F|  |TAMS 0x0000000088b00000, 0x0000000088b00000| Untracked 
|  72|0x0000000088c00000, 0x0000000088c00000, 0x0000000088d00000|  0%| F|  |TAMS 0x0000000088c00000, 0x0000000088c00000| Untracked 
|  73|0x0000000088d00000, 0x0000000088d00000, 0x0000000088e00000|  0%| F|  |TAMS 0x0000000088d00000, 0x0000000088d00000| Untracked 
|  74|0x0000000088e00000, 0x0000000088e00000, 0x0000000088f00000|  0%| F|  |TAMS 0x0000000088e00000, 0x0000000088e00000| Untracked 
|  75|0x0000000088f00000, 0x0000000088f00000, 0x0000000089000000|  0%| F|  |TAMS 0x0000000088f00000, 0x0000000088f00000| Untracked 
|  76|0x0000000089000000, 0x0000000089000000, 0x0000000089100000|  0%| F|  |TAMS 0x0000000089000000, 0x0000000089000000| Untracked 
|  77|0x0000000089100000, 0x0000000089100000, 0x0000000089200000|  0%| F|  |TAMS 0x0000000089100000, 0x0000000089100000| Untracked 
|  78|0x0000000089200000, 0x0000000089200000, 0x0000000089300000|  0%| F|  |TAMS 0x0000000089200000, 0x0000000089200000| Untracked 
|  79|0x0000000089300000, 0x0000000089300000, 0x0000000089400000|  0%| F|  |TAMS 0x0000000089300000, 0x0000000089300000| Untracked 
|  80|0x0000000089400000, 0x0000000089400000, 0x0000000089500000|  0%| F|  |TAMS 0x0000000089400000, 0x0000000089400000| Untracked 
|  81|0x0000000089500000, 0x0000000089500000, 0x0000000089600000|  0%| F|  |TAMS 0x0000000089500000, 0x0000000089500000| Untracked 
|  82|0x0000000089600000, 0x0000000089600000, 0x0000000089700000|  0%| F|  |TAMS 0x0000000089600000, 0x0000000089600000| Untracked 
|  83|0x0000000089700000, 0x0000000089700000, 0x0000000089800000|  0%| F|  |TAMS 0x0000000089700000, 0x0000000089700000| Untracked 
|  84|0x0000000089800000, 0x0000000089800000, 0x0000000089900000|  0%| F|  |TAMS 0x0000000089800000, 0x0000000089800000| Untracked 
|  85|0x0000000089900000, 0x0000000089900000, 0x0000000089a00000|  0%| F|  |TAMS 0x0000000089900000, 0x0000000089900000| Untracked 
|  86|0x0000000089a00000, 0x0000000089a00000, 0x0000000089b00000|  0%| F|  |TAMS 0x0000000089a00000, 0x0000000089a00000| Untracked 
|  87|0x0000000089b00000, 0x0000000089b00000, 0x0000000089c00000|  0%| F|  |TAMS 0x0000000089b00000, 0x0000000089b00000| Untracked 
|  88|0x0000000089c00000, 0x0000000089c00000, 0x0000000089d00000|  0%| F|  |TAMS 0x0000000089c00000, 0x0000000089c00000| Untracked 
|  89|0x0000000089d00000, 0x0000000089d00000, 0x0000000089e00000|  0%| F|  |TAMS 0x0000000089d00000, 0x0000000089d00000| Untracked 
|  90|0x0000000089e00000, 0x0000000089e00000, 0x0000000089f00000|  0%| F|  |TAMS 0x0000000089e00000, 0x0000000089e00000| Untracked 
|  91|0x0000000089f00000, 0x0000000089f00000, 0x000000008a000000|  0%| F|  |TAMS 0x0000000089f00000, 0x0000000089f00000| Untracked 
|  92|0x000000008a000000, 0x000000008a000000, 0x000000008a100000|  0%| F|  |TAMS 0x000000008a000000, 0x000000008a000000| Untracked 
|  93|0x000000008a100000, 0x000000008a100000, 0x000000008a200000|  0%| F|  |TAMS 0x000000008a100000, 0x000000008a100000| Untracked 
|  94|0x000000008a200000, 0x000000008a200000, 0x000000008a300000|  0%| F|  |TAMS 0x000000008a200000, 0x000000008a200000| Untracked 
|  95|0x000000008a300000, 0x000000008a300000, 0x000000008a400000|  0%| F|  |TAMS 0x000000008a300000, 0x000000008a300000| Untracked 
|  96|0x000000008a400000, 0x000000008a400000, 0x000000008a500000|  0%| F|  |TAMS 0x000000008a400000, 0x000000008a400000| Untracked 
|  97|0x000000008a500000, 0x000000008a500000, 0x000000008a600000|  0%| F|  |TAMS 0x000000008a500000, 0x000000008a500000| Untracked 
|  98|0x000000008a600000, 0x000000008a600000, 0x000000008a700000|  0%| F|  |TAMS 0x000000008a600000, 0x000000008a600000| Untracked 
|  99|0x000000008a700000, 0x000000008a700000, 0x000000008a800000|  0%| F|  |TAMS 0x000000008a700000, 0x000000008a700000| Untracked 
| 100|0x000000008a800000, 0x000000008a800000, 0x000000008a900000|  0%| F|  |TAMS 0x000000008a800000, 0x000000008a800000| Untracked 
| 101|0x000000008a900000, 0x000000008a900000, 0x000000008aa00000|  0%| F|  |TAMS 0x000000008a900000, 0x000000008a900000| Untracked 
| 102|0x000000008aa00000, 0x000000008aa00000, 0x000000008ab00000|  0%| F|  |TAMS 0x000000008aa00000, 0x000000008aa00000| Untracked 
| 103|0x000000008ab00000, 0x000000008ab00000, 0x000000008ac00000|  0%| F|  |TAMS 0x000000008ab00000, 0x000000008ab00000| Untracked 
| 104|0x000000008ac00000, 0x000000008ac00000, 0x000000008ad00000|  0%| F|  |TAMS 0x000000008ac00000, 0x000000008ac00000| Untracked 
| 105|0x000000008ad00000, 0x000000008ad00000, 0x000000008ae00000|  0%| F|  |TAMS 0x000000008ad00000, 0x000000008ad00000| Untracked 
| 106|0x000000008ae00000, 0x000000008ae00000, 0x000000008af00000|  0%| F|  |TAMS 0x000000008ae00000, 0x000000008ae00000| Untracked 
| 107|0x000000008af00000, 0x000000008af00000, 0x000000008b000000|  0%| F|  |TAMS 0x000000008af00000, 0x000000008af00000| Untracked 
| 108|0x000000008b000000, 0x000000008b000000, 0x000000008b100000|  0%| F|  |TAMS 0x000000008b000000, 0x000000008b000000| Untracked 
| 109|0x000000008b100000, 0x000000008b100000, 0x000000008b200000|  0%| F|  |TAMS 0x000000008b100000, 0x000000008b100000| Untracked 
| 110|0x000000008b200000, 0x000000008b200000, 0x000000008b300000|  0%| F|  |TAMS 0x000000008b200000, 0x000000008b200000| Untracked 
| 111|0x000000008b300000, 0x000000008b300000, 0x000000008b400000|  0%| F|  |TAMS 0x000000008b300000, 0x000000008b300000| Untracked 
| 112|0x000000008b400000, 0x000000008b400000, 0x000000008b500000|  0%| F|  |TAMS 0x000000008b400000, 0x000000008b400000| Untracked 
| 113|0x000000008b500000, 0x000000008b500000, 0x000000008b600000|  0%| F|  |TAMS 0x000000008b500000, 0x000000008b500000| Untracked 
| 114|0x000000008b600000, 0x000000008b600000, 0x000000008b700000|  0%| F|  |TAMS 0x000000008b600000, 0x000000008b600000| Untracked 
| 115|0x000000008b700000, 0x000000008b700000, 0x000000008b800000|  0%| F|  |TAMS 0x000000008b700000, 0x000000008b700000| Untracked 
| 116|0x000000008b800000, 0x000000008b800000, 0x000000008b900000|  0%| F|  |TAMS 0x000000008b800000, 0x000000008b800000| Untracked 
| 117|0x000000008b900000, 0x000000008b900000, 0x000000008ba00000|  0%| F|  |TAMS 0x000000008b900000, 0x000000008b900000| Untracked 
| 118|0x000000008ba00000, 0x000000008ba7b630, 0x000000008bb00000| 48%| E|  |TAMS 0x000000008ba00000, 0x000000008ba00000| Complete 
| 119|0x000000008bb00000, 0x000000008bc00000, 0x000000008bc00000|100%| E|CS|TAMS 0x000000008bb00000, 0x000000008bb00000| Complete 
| 120|0x000000008bc00000, 0x000000008bd00000, 0x000000008bd00000|100%| E|CS|TAMS 0x000000008bc00000, 0x000000008bc00000| Complete 
| 121|0x000000008bd00000, 0x000000008be00000, 0x000000008be00000|100%| E|CS|TAMS 0x000000008bd00000, 0x000000008bd00000| Complete 
| 122|0x000000008be00000, 0x000000008bf00000, 0x000000008bf00000|100%| E|CS|TAMS 0x000000008be00000, 0x000000008be00000| Complete 
| 123|0x000000008bf00000, 0x000000008c000000, 0x000000008c000000|100%| E|CS|TAMS 0x000000008bf00000, 0x000000008bf00000| Complete 

Card table byte_map: [0x00007fa9c4867000,0x00007fa9c4c45000] _byte_map_base: 0x00007fa9c4445000

Marking Bits (Prev, Next): (CMBitMap*) 0x00007fa9dc062458, (CMBitMap*) 0x00007fa9dc062490
 Prev Bits: [0x00007fa9be110000, 0x00007fa9c0000000)
 Next Bits: [0x00007fa9bc220000, 0x00007fa9be110000)

Polling page: 0x00007fa9e3564000

Metaspace:

Usage:
  Non-class:      7.43 MB capacity,     7.35 MB ( 99%) used,    64.16 KB ( <1%) free+waste,    12.56 KB ( <1%) overhead. 
      Class:    802.00 KB capacity,   754.06 KB ( 94%) used,    41.62 KB (  5%) free+waste,     6.31 KB ( <1%) overhead. 
       Both:      8.21 MB capacity,     8.09 MB ( 99%) used,   105.79 KB (  1%) free+waste,    18.88 KB ( <1%) overhead. 

Virtual space:
  Non-class space:        8.00 MB reserved,       7.50 MB ( 94%) committed 
      Class space:        1.00 GB reserved,     896.00 KB ( <1%) committed 
             Both:        1.01 GB reserved,       8.38 MB ( <1%) committed 

Chunk freelists:
   Non-Class:  0 bytes
       Class:  0 bytes
        Both:  0 bytes

CodeHeap 'non-profiled nmethods': size=120032Kb used=129Kb max_used=129Kb free=119902Kb
 bounds [0x00007fa9cc70d000, 0x00007fa9cc97d000, 0x00007fa9d3c45000]
CodeHeap 'profiled nmethods': size=120028Kb used=583Kb max_used=583Kb free=119444Kb
 bounds [0x00007fa9c51d6000, 0x00007fa9c5446000, 0x00007fa9cc70d000]
CodeHeap 'non-nmethods': size=5700Kb used=1055Kb max_used=1071Kb free=4644Kb
 bounds [0x00007fa9c4c45000, 0x00007fa9c4eb5000, 0x00007fa9c51d6000]
 total_blobs=863 nmethods=405 adapters=274
 compilation: enabled
              stopped_count=0, restarted_count=0
 full_count=0

Compilation events (10 events):
Event: 15.711 Thread 0x00007fa9dc1e1800 nmethod 361 0x00007fa9c5266310 code [0x00007fa9c5266520, 0x00007fa9c5266ab8]
Event: 15.711 Thread 0x00007fa9dc1e1800  383       3       java.lang.invoke.MemberName::isResolved (13 bytes)
Event: 15.711 Thread 0x00007fa9dc1e1800 nmethod 383 0x00007fa9c5266d10 code [0x00007fa9c5266ec0, 0x00007fa9c5267070]
Event: 15.711 Thread 0x00007fa9dc1e1800  400       3       java.lang.invoke.MemberName::getInvocationType (56 bytes)
Event: 15.712 Thread 0x00007fa9dc1e1800 nmethod 400 0x00007fa9c5267110 code [0x00007fa9c5267340, 0x00007fa9c5267c28]
Event: 15.712 Thread 0x00007fa9dc1e1800  365       1       java.lang.invoke.DirectMethodHandle::internalMemberName (5 bytes)
Event: 15.712 Thread 0x00007fa9dc1e1800 nmethod 365 0x00007fa9cc72b610 code [0x00007fa9cc72b7c0, 0x00007fa9cc72b8d0]
Event: 15.712 Thread 0x00007fa9dc1e1800  403       1       java.util.ArrayList::size (5 bytes)
Event: 15.712 Thread 0x00007fa9dc1e1800 nmethod 403 0x00007fa9cc72b910 code [0x00007fa9cc72bac0, 0x00007fa9cc72bbd0]
Event: 15.746 Thread 0x00007fa9dc1df800 nmethod 391 0x00007fa9cc72bc10 code [0x00007fa9cc72bde0, 0x00007fa9cc72ce58]

GC Heap History (0 events):
No events

Deoptimization events (1 events):
Event: 0.262 Thread 0x00007fa9dc012000 Uncommon trap: reason=unstable_if action=reinterpret pc=0x00007fa9cc71af8c method=java.lang.String.isLatin1()Z @ 10 c2

Classes redefined (0 events):
No events

Internal exceptions (6 events):
Event: 0.220 Thread 0x00007fa9dc012000 Exception <a 'java/lang/NoSuchMethodError'{0x000000008bd81d78}: java.lang.invoke.DirectMethodHandle$Holder.invokeSpecialIFC(Ljava/lang/Object;Ljava/lang/Object;I)I> (0x000000008bd81d78) thrown at [/scratch/opt/mach5/mesos/work_dir/slaves/83bb4d84-382c-4ea
Event: 15.675 Thread 0x00007fa9dc012000 Exception <a 'java/lang/NoSuchMethodError'{0x000000008bb38748}: java.lang.invoke.DirectMethodHandle$Holder.invokeStatic(Ljava/lang/Object;Ljava/lang/Object;Ljava/lang/Object;Ljava/lang/Object;Ljava/lang/Object;Ljava/lang/Object;Ljava/lang/Object;Ljava/lan
Event: 15.680 Thread 0x00007fa9dc012000 Exception <a 'java/lang/NoSuchMethodError'{0x000000008bb57ba0}: java.lang.invoke.DirectMethodHandle$Holder.invokeStatic(Ljava/lang/Object;Ljava/lang/Object;Ljava/lang/Object;Ljava/lang/Object;Ljava/lang/Object;Ljava/lang/Object;Ljava/lang/Object;Ljava/lan
Event: 15.683 Thread 0x00007fa9dc012000 Exception <a 'java/lang/NoSuchMethodError'{0x000000008bb76f28}: java.lang.invoke.DirectMethodHandle$Holder.invokeStatic(Ljava/lang/Object;Ljava/lang/Object;Ljava/lang/Object;Ljava/lang/Object;Ljava/lang/Object;Ljava/lang/Object;Ljava/lang/Object;Ljava/lan
Event: 15.688 Thread 0x00007fa9dc012000 Exception <a 'java/lang/NoSuchMethodError'{0x000000008bb97a90}: java.lang.invoke.DirectMethodHandle$Holder.invokeStatic(Ljava/lang/Object;Ljava/lang/Object;Ljava/lang/Object;Ljava/lang/Object;Ljava/lang/Object;Ljava/lang/Object;Ljava/lang/Object;Ljava/lan
Event: 15.707 Thread 0x00007fa9dc012000 Exception <a 'java/lang/NoSuchMethodError'{0x000000008ba170e8}: java.lang.invoke.Invokers$Holder.linkToTargetMethod(Ljava/lang/Object;ILjava/lang/Object;)Ljava/lang/Object;> (0x000000008ba170e8) thrown at [/scratch/opt/mach5/mesos/work_dir/slaves/83bb4d84

Events (10 events):
Event: 15.677 loading class java/lang/invoke/BoundMethodHandle$Species_LLLLLLLLII
Event: 15.677 loading class java/lang/invoke/BoundMethodHandle$Species_LLLLLLLLII done
Event: 15.681 loading class java/lang/invoke/BoundMethodHandle$Species_LLLLLLLLIIL
Event: 15.681 loading class java/lang/invoke/BoundMethodHandle$Species_LLLLLLLLIIL done
Event: 15.685 loading class java/lang/invoke/BoundMethodHandle$Species_LLLLLLLLIILL
Event: 15.685 loading class java/lang/invoke/BoundMethodHandle$Species_LLLLLLLLIILL done
Event: 15.695 loading class java/lang/invoke/BoundMethodHandle$Species_LLLLLLI
Event: 15.695 loading class java/lang/invoke/BoundMethodHandle$Species_LLLLLLI done
Event: 15.697 loading class java/lang/invoke/BoundMethodHandle$Species_LLLLLLII
Event: 15.697 loading class java/lang/invoke/BoundMethodHandle$Species_LLLLLLII done


Dynamic libraries:
00400000-00401000 r-xp 00000000 08:09 1836008                            /usr/lib/jvm/jdk-11.0.1/bin/java
00600000-00601000 r--p 00000000 08:09 1836008                            /usr/lib/jvm/jdk-11.0.1/bin/java
00601000-00602000 rw-p 00001000 08:09 1836008                            /usr/lib/jvm/jdk-11.0.1/bin/java
02000000-02043000 rw-p 00000000 00:00 0                                  [heap]
84400000-8c000000 rw-p 00000000 00:00 0 
8c000000-100000000 ---p 00000000 00:00 0 
100000000-1000e0000 rw-p 00000000 00:00 0 
1000e0000-140000000 ---p 00000000 00:00 0 
7fa970000000-7fa970030000 rw-p 00000000 00:00 0 
7fa970030000-7fa974000000 ---p 00000000 00:00 0 
7fa978000000-7fa978021000 rw-p 00000000 00:00 0 
7fa978021000-7fa97c000000 ---p 00000000 00:00 0 
7fa97c000000-7fa97c021000 rw-p 00000000 00:00 0 
7fa97c021000-7fa980000000 ---p 00000000 00:00 0 
7fa980000000-7fa980021000 rw-p 00000000 00:00 0 
7fa980021000-7fa984000000 ---p 00000000 00:00 0 
7fa984000000-7fa984021000 rw-p 00000000 00:00 0 
7fa984021000-7fa988000000 ---p 00000000 00:00 0 
7fa98b8e2000-7fa98b8e6000 ---p 00000000 00:00 0 
7fa98b8e6000-7fa98b9e3000 rw-p 00000000 00:00 0 
7fa98b9e3000-7fa98b9e5000 r-xp 00000000 08:09 1710229                    /usr/lib/jvm/jdk-11.0.1/lib/libextnet.so
7fa98b9e5000-7fa98bbe4000 ---p 00002000 08:09 1710229                    /usr/lib/jvm/jdk-11.0.1/lib/libextnet.so
7fa98bbe4000-7fa98bbe5000 r--p 00001000 08:09 1710229                    /usr/lib/jvm/jdk-11.0.1/lib/libextnet.so
7fa98bbe5000-7fa98bbe6000 rw-p 00002000 08:09 1710229                    /usr/lib/jvm/jdk-11.0.1/lib/libextnet.so
7fa98bbe6000-7fa98bbe7000 ---p 00000000 00:00 0 
7fa98bbe7000-7fa98bce8000 rw-p 00000000 00:00 0 
7fa98bce8000-7fa98bcec000 ---p 00000000 00:00 0 
7fa98bcec000-7fa98bde9000 rw-p 00000000 00:00 0 
7fa98bde9000-7fa98bdff000 r-xp 00000000 08:09 1710216                    /usr/lib/jvm/jdk-11.0.1/lib/libnet.so
7fa98bdff000-7fa98bffe000 ---p 00016000 08:09 1710216                    /usr/lib/jvm/jdk-11.0.1/lib/libnet.so
7fa98bffe000-7fa98bfff000 r--p 00015000 08:09 1710216                    /usr/lib/jvm/jdk-11.0.1/lib/libnet.so
7fa98bfff000-7fa98c000000 rw-p 00016000 08:09 1710216                    /usr/lib/jvm/jdk-11.0.1/lib/libnet.so
7fa98c000000-7fa98c1fc000 rw-p 00000000 00:00 0 
7fa98c1fc000-7fa990000000 ---p 00000000 00:00 0 
7fa990000000-7fa990021000 rw-p 00000000 00:00 0 
7fa990021000-7fa994000000 ---p 00000000 00:00 0 
7fa994000000-7fa994021000 rw-p 00000000 00:00 0 
7fa994021000-7fa998000000 ---p 00000000 00:00 0 
7fa998000000-7fa998305000 rw-p 00000000 00:00 0 
7fa998305000-7fa99c000000 ---p 00000000 00:00 0 
7fa99c000000-7fa99c021000 rw-p 00000000 00:00 0 
7fa99c021000-7fa9a0000000 ---p 00000000 00:00 0 
7fa9a0000000-7fa9a0021000 rw-p 00000000 00:00 0 
7fa9a0021000-7fa9a4000000 ---p 00000000 00:00 0 
7fa9a4000000-7fa9a4021000 rw-p 00000000 00:00 0 
7fa9a4021000-7fa9a8000000 ---p 00000000 00:00 0 
7fa9a8000000-7fa9a8021000 rw-p 00000000 00:00 0 
7fa9a8021000-7fa9ac000000 ---p 00000000 00:00 0 
7fa9ac000000-7fa9ac021000 rw-p 00000000 00:00 0 
7fa9ac021000-7fa9b0000000 ---p 00000000 00:00 0 
7fa9b0000000-7fa9b0021000 rw-p 00000000 00:00 0 
7fa9b0021000-7fa9b4000000 ---p 00000000 00:00 0 
7fa9b40ed000-7fa9b40f1000 ---p 00000000 00:00 0 
7fa9b40f1000-7fa9b41ee000 rw-p 00000000 00:00 0 
7fa9b41ee000-7fa9b41fe000 r-xp 00000000 08:09 1710205                    /usr/lib/jvm/jdk-11.0.1/lib/libnio.so
7fa9b41fe000-7fa9b43fd000 ---p 00010000 08:09 1710205                    /usr/lib/jvm/jdk-11.0.1/lib/libnio.so
7fa9b43fd000-7fa9b43fe000 r--p 0000f000 08:09 1710205                    /usr/lib/jvm/jdk-11.0.1/lib/libnio.so
7fa9b43fe000-7fa9b43ff000 rw-p 00010000 08:09 1710205                    /usr/lib/jvm/jdk-11.0.1/lib/libnio.so
7fa9b43ff000-7fa9b4403000 ---p 00000000 00:00 0 
7fa9b4403000-7fa9b4500000 rw-p 00000000 00:00 0 
7fa9b4500000-7fa9b4504000 ---p 00000000 00:00 0 
7fa9b4504000-7fa9b4601000 rw-p 00000000 00:00 0 
7fa9b4601000-7fa9b4605000 ---p 00000000 00:00 0 
7fa9b4605000-7fa9b4702000 rw-p 00000000 00:00 0 
7fa9b4702000-7fa9b4706000 ---p 00000000 00:00 0 
7fa9b4706000-7fa9b4803000 rw-p 00000000 00:00 0 
7fa9b4803000-7fa9b4807000 ---p 00000000 00:00 0 
7fa9b4807000-7fa9b4904000 rw-p 00000000 00:00 0 
7fa9b4904000-7fa9b4e73000 r--p 00000000 08:09 1572995                    /usr/lib/locale/locale-archive
7fa9b4e73000-7fa9b4e77000 ---p 00000000 00:00 0 
7fa9b4e77000-7fa9b4f74000 rw-p 00000000 00:00 0 
7fa9b4f74000-7fa9b4f78000 ---p 00000000 00:00 0 
7fa9b4f78000-7fa9b5075000 rw-p 00000000 00:00 0 
7fa9b5075000-7fa9b5076000 ---p 00000000 00:00 0 
7fa9b5076000-7fa9b5978000 rw-p 00000000 00:00 0 
7fa9b5978000-7fa9b59f8000 ---p 00000000 00:00 0 
7fa9b59f8000-7fa9b59f9000 ---p 00000000 00:00 0 
7fa9b59f9000-7fa9b5afa000 rw-p 00000000 00:00 0 
7fa9b5afa000-7fa9b5afb000 ---p 00000000 00:00 0 
7fa9b5afb000-7fa9b8000000 rw-p 00000000 00:00 0 
7fa9b8000000-7fa9b8021000 rw-p 00000000 00:00 0 
7fa9b8021000-7fa9bc000000 ---p 00000000 00:00 0 
7fa9bc01e000-7fa9bc410000 rw-p 00000000 00:00 0 
7fa9bc410000-7fa9be110000 ---p 00000000 00:00 0 
7fa9be110000-7fa9be300000 rw-p 00000000 00:00 0 
7fa9be300000-7fa9c0000000 ---p 00000000 00:00 0 
7fa9c0000000-7fa9c0021000 rw-p 00000000 00:00 0 
7fa9c0021000-7fa9c4000000 ---p 00000000 00:00 0 
7fa9c4028000-7fa9c4285000 rw-p 00000000 00:00 0 
7fa9c4285000-7fa9c4286000 ---p 00000000 00:00 0 
7fa9c4286000-7fa9c4387000 rw-p 00000000 00:00 0 
7fa9c4387000-7fa9c4388000 ---p 00000000 00:00 0 
7fa9c4388000-7fa9c44c7000 rw-p 00000000 00:00 0 
7fa9c44c7000-7fa9c4867000 ---p 00000000 00:00 0 
7fa9c4867000-7fa9c48a5000 rw-p 00000000 00:00 0 
7fa9c48a5000-7fa9c4c45000 ---p 00000000 00:00 0 
7fa9c4c45000-7fa9c4eb5000 rwxp 00000000 00:00 0 
7fa9c4eb5000-7fa9c51d6000 ---p 00000000 00:00 0 
7fa9c51d6000-7fa9c5446000 rwxp 00000000 00:00 0 
7fa9c5446000-7fa9cc70d000 ---p 00000000 00:00 0 
7fa9cc70d000-7fa9cc97d000 rwxp 00000000 00:00 0 
7fa9cc97d000-7fa9d3c45000 ---p 00000000 00:00 0 
7fa9d3c45000-7fa9dc000000 r--s 00000000 08:09 1710228                    /usr/lib/jvm/jdk-11.0.1/lib/modules
7fa9dc000000-7fa9dc3bd000 rw-p 00000000 00:00 0 
7fa9dc3bd000-7fa9e0000000 ---p 00000000 00:00 0 
7fa9e0011000-7fa9e00cf000 rw-p 00000000 00:00 0 
7fa9e00cf000-7fa9e046f000 ---p 00000000 00:00 0 
7fa9e046f000-7fa9e0c77000 rw-p 00000000 00:00 0 
7fa9e0c77000-7fa9e0c78000 ---p 00000000 00:00 0 
7fa9e0c78000-7fa9e0d7e000 rw-p 00000000 00:00 0 
7fa9e0d7e000-7fa9e0e64000 ---p 00000000 00:00 0 
7fa9e0e64000-7fa9e0e69000 rw-p 00000000 00:00 0 
7fa9e0e69000-7fa9e0f4f000 ---p 00000000 00:00 0 
7fa9e0f4f000-7fa9e0f54000 rw-p 00000000 00:00 0 
7fa9e0f54000-7fa9e0f5b000 ---p 00000000 00:00 0 
7fa9e0f5b000-7fa9e0f76000 r-xp 00000000 08:09 1710204                    /usr/lib/jvm/jdk-11.0.1/lib/libjimage.so
7fa9e0f76000-7fa9e1175000 ---p 0001b000 08:09 1710204                    /usr/lib/jvm/jdk-11.0.1/lib/libjimage.so
7fa9e1175000-7fa9e1177000 r--p 0001a000 08:09 1710204                    /usr/lib/jvm/jdk-11.0.1/lib/libjimage.so
7fa9e1177000-7fa9e1178000 rw-p 0001c000 08:09 1710204                    /usr/lib/jvm/jdk-11.0.1/lib/libjimage.so
7fa9e1178000-7fa9e117f000 r-xp 00000000 08:09 1710217                    /usr/lib/jvm/jdk-11.0.1/lib/libzip.so
7fa9e117f000-7fa9e137e000 ---p 00007000 08:09 1710217                    /usr/lib/jvm/jdk-11.0.1/lib/libzip.so
7fa9e137e000-7fa9e137f000 r--p 00006000 08:09 1710217                    /usr/lib/jvm/jdk-11.0.1/lib/libzip.so
7fa9e137f000-7fa9e1380000 rw-p 00007000 08:09 1710217                    /usr/lib/jvm/jdk-11.0.1/lib/libzip.so
7fa9e1380000-7fa9e1388000 rw-s 00000000 08:09 7340076                    /tmp/hsperfdata_manish/3208
7fa9e1388000-7fa9e1392000 r-xp 00000000 08:09 1710211                    /usr/lib/jvm/jdk-11.0.1/lib/libinstrument.so
7fa9e1392000-7fa9e1591000 ---p 0000a000 08:09 1710211                    /usr/lib/jvm/jdk-11.0.1/lib/libinstrument.so
7fa9e1591000-7fa9e1592000 r--p 00009000 08:09 1710211                    /usr/lib/jvm/jdk-11.0.1/lib/libinstrument.so
7fa9e1592000-7fa9e1593000 rw-p 0000a000 08:09 1710211                    /usr/lib/jvm/jdk-11.0.1/lib/libinstrument.so
7fa9e1593000-7fa9e15be000 r-xp 00000000 08:09 1710218                    /usr/lib/jvm/jdk-11.0.1/lib/libjava.so
7fa9e15be000-7fa9e17bd000 ---p 0002b000 08:09 1710218                    /usr/lib/jvm/jdk-11.0.1/lib/libjava.so
7fa9e17bd000-7fa9e17be000 r--p 0002a000 08:09 1710218                    /usr/lib/jvm/jdk-11.0.1/lib/libjava.so
7fa9e17be000-7fa9e17c0000 rw-p 0002b000 08:09 1710218                    /usr/lib/jvm/jdk-11.0.1/lib/libjava.so
7fa9e17c0000-7fa9e17cd000 r-xp 00000000 08:09 1710214                    /usr/lib/jvm/jdk-11.0.1/lib/libverify.so
7fa9e17cd000-7fa9e19cc000 ---p 0000d000 08:09 1710214                    /usr/lib/jvm/jdk-11.0.1/lib/libverify.so
7fa9e19cc000-7fa9e19ce000 r--p 0000c000 08:09 1710214                    /usr/lib/jvm/jdk-11.0.1/lib/libverify.so
7fa9e19ce000-7fa9e19cf000 rw-p 0000e000 08:09 1710214                    /usr/lib/jvm/jdk-11.0.1/lib/libverify.so
7fa9e19cf000-7fa9e19d2000 r--p 00000000 08:09 4588972                    /lib/x86_64-linux-gnu/librt-2.29.so
7fa9e19d2000-7fa9e19d6000 r-xp 00003000 08:09 4588972                    /lib/x86_64-linux-gnu/librt-2.29.so
7fa9e19d6000-7fa9e19d8000 r--p 00007000 08:09 4588972                    /lib/x86_64-linux-gnu/librt-2.29.so
7fa9e19d8000-7fa9e19d9000 r--p 00008000 08:09 4588972                    /lib/x86_64-linux-gnu/librt-2.29.so
7fa9e19d9000-7fa9e19da000 rw-p 00009000 08:09 4588972                    /lib/x86_64-linux-gnu/librt-2.29.so
7fa9e19da000-7fa9e19de000 ---p 00000000 00:00 0 
7fa9e19de000-7fa9e1adb000 rw-p 00000000 00:00 0 
7fa9e1adb000-7fa9e1aea000 r--p 00000000 08:09 4588506                    /lib/x86_64-linux-gnu/libm-2.29.so
7fa9e1aea000-7fa9e1b90000 r-xp 0000f000 08:09 4588506                    /lib/x86_64-linux-gnu/libm-2.29.so
7fa9e1b90000-7fa9e1c27000 r--p 000b5000 08:09 4588506                    /lib/x86_64-linux-gnu/libm-2.29.so
7fa9e1c27000-7fa9e1c28000 r--p 0014b000 08:09 4588506                    /lib/x86_64-linux-gnu/libm-2.29.so
7fa9e1c28000-7fa9e1c29000 rw-p 0014c000 08:09 4588506                    /lib/x86_64-linux-gnu/libm-2.29.so
7fa9e1c29000-7fa9e2db1000 r-xp 00000000 08:09 1710222                    /usr/lib/jvm/jdk-11.0.1/lib/server/libjvm.so
7fa9e2db1000-7fa9e2fb1000 ---p 01188000 08:09 1710222                    /usr/lib/jvm/jdk-11.0.1/lib/server/libjvm.so
7fa9e2fb1000-7fa9e307b000 r--p 01188000 08:09 1710222                    /usr/lib/jvm/jdk-11.0.1/lib/server/libjvm.so
7fa9e307b000-7fa9e30b5000 rw-p 01252000 08:09 1710222                    /usr/lib/jvm/jdk-11.0.1/lib/server/libjvm.so
7fa9e30b5000-7fa9e310d000 rw-p 00000000 00:00 0 
7fa9e310d000-7fa9e3132000 r--p 00000000 08:09 4587890                    /lib/x86_64-linux-gnu/libc-2.29.so
7fa9e3132000-7fa9e32a5000 r-xp 00025000 08:09 4587890                    /lib/x86_64-linux-gnu/libc-2.29.so
7fa9e32a5000-7fa9e32ee000 r--p 00198000 08:09 4587890                    /lib/x86_64-linux-gnu/libc-2.29.so
7fa9e32ee000-7fa9e32f1000 r--p 001e0000 08:09 4587890                    /lib/x86_64-linux-gnu/libc-2.29.so
7fa9e32f1000-7fa9e32f4000 rw-p 001e3000 08:09 4587890                    /lib/x86_64-linux-gnu/libc-2.29.so
7fa9e32f4000-7fa9e32f8000 rw-p 00000000 00:00 0 
7fa9e32f8000-7fa9e32f9000 r--p 00000000 08:09 4588495                    /lib/x86_64-linux-gnu/libdl-2.29.so
7fa9e32f9000-7fa9e32fb000 r-xp 00001000 08:09 4588495                    /lib/x86_64-linux-gnu/libdl-2.29.so
7fa9e32fb000-7fa9e32fc000 r--p 00003000 08:09 4588495                    /lib/x86_64-linux-gnu/libdl-2.29.so
7fa9e32fc000-7fa9e32fd000 r--p 00003000 08:09 4588495                    /lib/x86_64-linux-gnu/libdl-2.29.so
7fa9e32fd000-7fa9e32fe000 rw-p 00004000 08:09 4588495                    /lib/x86_64-linux-gnu/libdl-2.29.so
7fa9e32fe000-7fa9e330d000 r-xp 00000000 08:09 1710236                    /usr/lib/jvm/jdk-11.0.1/lib/jli/libjli.so
7fa9e330d000-7fa9e350d000 ---p 0000f000 08:09 1710236                    /usr/lib/jvm/jdk-11.0.1/lib/jli/libjli.so
7fa9e350d000-7fa9e350e000 r--p 0000f000 08:09 1710236                    /usr/lib/jvm/jdk-11.0.1/lib/jli/libjli.so
7fa9e350e000-7fa9e350f000 rw-p 00010000 08:09 1710236                    /usr/lib/jvm/jdk-11.0.1/lib/jli/libjli.so
7fa9e350f000-7fa9e3516000 r--p 00000000 08:09 4588970                    /lib/x86_64-linux-gnu/libpthread-2.29.so
7fa9e3516000-7fa9e3525000 r-xp 00007000 08:09 4588970                    /lib/x86_64-linux-gnu/libpthread-2.29.so
7fa9e3525000-7fa9e352a000 r--p 00016000 08:09 4588970                    /lib/x86_64-linux-gnu/libpthread-2.29.so
7fa9e352a000-7fa9e352b000 r--p 0001a000 08:09 4588970                    /lib/x86_64-linux-gnu/libpthread-2.29.so
7fa9e352b000-7fa9e352c000 rw-p 0001b000 08:09 4588970                    /lib/x86_64-linux-gnu/libpthread-2.29.so
7fa9e352c000-7fa9e3530000 rw-p 00000000 00:00 0 
7fa9e3530000-7fa9e3532000 r--p 00000000 08:09 4592444                    /lib/x86_64-linux-gnu/libz.so.1.2.11
7fa9e3532000-7fa9e3543000 r-xp 00002000 08:09 4592444                    /lib/x86_64-linux-gnu/libz.so.1.2.11
7fa9e3543000-7fa9e3549000 r--p 00013000 08:09 4592444                    /lib/x86_64-linux-gnu/libz.so.1.2.11
7fa9e3549000-7fa9e354a000 ---p 00019000 08:09 4592444                    /lib/x86_64-linux-gnu/libz.so.1.2.11
7fa9e354a000-7fa9e354b000 r--p 00019000 08:09 4592444                    /lib/x86_64-linux-gnu/libz.so.1.2.11
7fa9e354b000-7fa9e354c000 rw-p 0001a000 08:09 4592444                    /lib/x86_64-linux-gnu/libz.so.1.2.11
7fa9e354c000-7fa9e354e000 rw-p 00000000 00:00 0 
7fa9e3550000-7fa9e3553000 r--p 00000000 08:09 4588943                    /lib/x86_64-linux-gnu/libnss_files-2.29.so
7fa9e3553000-7fa9e355a000 r-xp 00003000 08:09 4588943                    /lib/x86_64-linux-gnu/libnss_files-2.29.so
7fa9e355a000-7fa9e355c000 r--p 0000a000 08:09 4588943                    /lib/x86_64-linux-gnu/libnss_files-2.29.so
7fa9e355c000-7fa9e355d000 r--p 0000b000 08:09 4588943                    /lib/x86_64-linux-gnu/libnss_files-2.29.so
7fa9e355d000-7fa9e355e000 rw-p 0000c000 08:09 4588943                    /lib/x86_64-linux-gnu/libnss_files-2.29.so
7fa9e355e000-7fa9e3564000 rw-p 00000000 00:00 0 
7fa9e3564000-7fa9e3565000 ---p 00000000 00:00 0 
7fa9e3565000-7fa9e3566000 r--p 00000000 00:00 0 
7fa9e3566000-7fa9e3567000 r--p 00000000 08:09 4587594                    /lib/x86_64-linux-gnu/ld-2.29.so
7fa9e3567000-7fa9e3588000 r-xp 00001000 08:09 4587594                    /lib/x86_64-linux-gnu/ld-2.29.so
7fa9e3588000-7fa9e3590000 r--p 00022000 08:09 4587594                    /lib/x86_64-linux-gnu/ld-2.29.so
7fa9e3590000-7fa9e3591000 r--p 00029000 08:09 4587594                    /lib/x86_64-linux-gnu/ld-2.29.so
7fa9e3591000-7fa9e3592000 rw-p 0002a000 08:09 4587594                    /lib/x86_64-linux-gnu/ld-2.29.so
7fa9e3592000-7fa9e3593000 rw-p 00000000 00:00 0 
7ffe5ce3e000-7ffe5ce5f000 rw-p 00000000 00:00 0                          [stack]
7ffe5ceef000-7ffe5cef2000 r--p 00000000 00:00 0                          [vvar]
7ffe5cef2000-7ffe5cef3000 r-xp 00000000 00:00 0                          [vdso]
ffffffffff600000-ffffffffff601000 r-xp 00000000 00:00 0                  [vsyscall]


VM Arguments:
jvm_args: -javaagent:/snap/intellij-idea-community/172/lib/idea_rt.jar=38389:/snap/intellij-idea-community/172/bin -Dfile.encoding=UTF-8 
java_command: practice.PyramidPrinting
java_class_path (initial): /home/manish/Microservice/JavaLearning/out/production/JavaLearning
Launcher Type: SUN_STANDARD

[Global flags]
     intx CICompilerCount                          = 4                                         {product} {ergonomic}
     uint ConcGCThreads                            = 2                                         {product} {ergonomic}
     uint G1ConcRefinementThreads                  = 8                                         {product} {ergonomic}
   size_t G1HeapRegionSize                         = 1048576                                   {product} {ergonomic}
    uintx GCDrainStackTargetSize                   = 64                                        {product} {ergonomic}
   size_t InitialHeapSize                          = 130023424                                 {product} {ergonomic}
   size_t MarkStackSize                            = 4194304                                   {product} {ergonomic}
   size_t MaxHeapSize                              = 2076180480                                {product} {ergonomic}
   size_t MaxNewSize                               = 1245708288                                {product} {ergonomic}
   size_t MinHeapDeltaBytes                        = 1048576                                   {product} {ergonomic}
    uintx NonNMethodCodeHeapSize                   = 5835340                                {pd product} {ergonomic}
    uintx NonProfiledCodeHeapSize                  = 122911450                              {pd product} {ergonomic}
    uintx ProfiledCodeHeapSize                     = 122911450                              {pd product} {ergonomic}
    uintx ReservedCodeCacheSize                    = 251658240                              {pd product} {ergonomic}
     bool SegmentedCodeCache                       = true                                      {product} {ergonomic}
     bool UseCompressedClassPointers               = true                                 {lp64_product} {ergonomic}
     bool UseCompressedOops                        = true                                 {lp64_product} {ergonomic}
     bool UseG1GC                                  = true                                      {product} {ergonomic}

Logging:
Log output configuration:
 #0: stdout all=warning uptime,level,tags
 #1: stderr all=off uptime,level,tags

Environment Variables:
JAVA_HOME=/usr/lib/jvm/java-8-openjdk-amd64
PATH=/home/manish/bin:/usr/local/sbin:/usr/local/bin:/usr/sbin:/usr/bin:/sbin:/bin:/usr/games:/usr/local/games:/snap/bin:/home/manish/bin:/usr/lib/jvm/java-8-openjdk-amd64/bin
USERNAME=manish
SHELL=/bin/bash
DISPLAY=:0

Signal Handlers:
SIGSEGV: [libjvm.so+0xe5ac10], sa_mask[0]=11111111011111111101111111111110, sa_flags=SA_RESTART|SA_SIGINFO
SIGBUS: [libjvm.so+0xe5ac10], sa_mask[0]=11111111011111111101111111111110, sa_flags=SA_RESTART|SA_SIGINFO
SIGFPE: [libjvm.so+0xe5ac10], sa_mask[0]=11111111011111111101111111111110, sa_flags=SA_RESTART|SA_SIGINFO
SIGPIPE: [libjvm.so+0xc30d00], sa_mask[0]=11111111011111111101111111111110, sa_flags=SA_RESTART|SA_SIGINFO
SIGXFSZ: [libjvm.so+0xc30d00], sa_mask[0]=11111111011111111101111111111110, sa_flags=SA_RESTART|SA_SIGINFO
SIGILL: [libjvm.so+0xe5ac10], sa_mask[0]=11111111011111111101111111111110, sa_flags=SA_RESTART|SA_SIGINFO
SIGUSR2: [libjvm.so+0xc30ba0], sa_mask[0]=00100000000000000000000000000000, sa_flags=SA_RESTART|SA_SIGINFO
SIGHUP: [libjvm.so+0xc30f00], sa_mask[0]=11111111011111111101111111111110, sa_flags=SA_RESTART|SA_SIGINFO
SIGINT: [libjvm.so+0xc30f00], sa_mask[0]=11111111011111111101111111111110, sa_flags=SA_RESTART|SA_SIGINFO
SIGTERM: [libjvm.so+0xc30f00], sa_mask[0]=11111111011111111101111111111110, sa_flags=SA_RESTART|SA_SIGINFO
SIGQUIT: [libjvm.so+0xc30f00], sa_mask[0]=11111111011111111101111111111110, sa_flags=SA_RESTART|SA_SIGINFO


---------------  S Y S T E M  ---------------

OS:DISTRIB_ID=Ubuntu
DISTRIB_RELEASE=19.04
DISTRIB_CODENAME=disco
DISTRIB_DESCRIPTION="Ubuntu 19.04"
uname:Linux 5.0.0-27-generic #28-Ubuntu SMP Tue Aug 20 19:53:07 UTC 2019 x86_64
libc:glibc 2.29 NPTL 2.29 
rlimit: STACK 8192k, CORE 0k, NPROC 31485, NOFILE 1048576, AS infinity, DATA infinity, FSIZE infinity
load average:6.71 8.57 6.05

/proc/meminfo:
MemTotal:        8108952 kB
MemFree:          131868 kB
MemAvailable:     399128 kB
Buffers:           99260 kB
Cached:           489020 kB
SwapCached:        43720 kB
Active:          6043208 kB
Inactive:        1116976 kB
Active(anon):    5804900 kB
Inactive(anon):   904040 kB
Active(file):     238308 kB
Inactive(file):   212936 kB
Unevictable:          48 kB
Mlocked:              48 kB
SwapTotal:       2097148 kB
SwapFree:         194292 kB
Dirty:              1048 kB
Writeback:             0 kB
AnonPages:       6528536 kB
Mapped:           367612 kB
Shmem:            136920 kB
KReclaimable:      80604 kB
Slab:             251228 kB
SReclaimable:      80604 kB
SUnreclaim:       170624 kB
KernelStack:       24432 kB
PageTables:       113184 kB
NFS_Unstable:          0 kB
Bounce:                0 kB
WritebackTmp:          0 kB
CommitLimit:     6151624 kB
Committed_AS:   22589568 kB
VmallocTotal:   34359738367 kB
VmallocUsed:           0 kB
VmallocChunk:          0 kB
Percpu:             5952 kB
HardwareCorrupted:     0 kB
AnonHugePages:      4096 kB
ShmemHugePages:        0 kB
ShmemPmdMapped:        0 kB
CmaTotal:              0 kB
CmaFree:               0 kB
HugePages_Total:       0
HugePages_Free:        0
HugePages_Rsvd:        0
HugePages_Surp:        0
Hugepagesize:       2048 kB
Hugetlb:               0 kB
DirectMap4k:     3191552 kB
DirectMap2M:     5142528 kB
DirectMap1G:           0 kB


/proc/sys/kernel/threads-max (system-wide limit on the number of threads):
62970


/proc/sys/vm/max_map_count (maximum number of memory map areas a process may have):
65530


/proc/sys/kernel/pid_max (system-wide limit on number of process identifiers):
32768


container (cgroup) information:
container_type: cgroupv1
cpu_cpuset_cpus: 0-7
cpu_memory_nodes: 0
active_processor_count: 8
cpu_quota: -1
cpu_period: 100000
cpu_shares: -1
memory_limit_in_bytes: -1
memory_and_swap_limit_in_bytes: -2
memory_soft_limit_in_bytes: -1
memory_usage_in_bytes: 7199657984
memory_max_usage_in_bytes: 7602073600


CPU:total 8 (initial active 8) (4 cores per cpu, 2 threads per core) family 6 model 60 stepping 3, cmov, cx8, fxsr, mmx, sse, sse2, sse3, ssse3, sse4.1, sse4.2, popcnt, avx, avx2, aes, clmul, erms, lzcnt, ht, tsc, tscinvbit, bmi1, bmi2, fma
CPU Model and flags from /proc/cpuinfo:
model name	: Intel(R) Core(TM) i7-4700MQ CPU @ 2.40GHz
flags		: fpu vme de pse tsc msr pae mce cx8 apic sep mtrr pge mca cmov pat pse36 clflush dts acpi mmx fxsr sse sse2 ss ht tm pbe syscall nx pdpe1gb rdtscp lm constant_tsc arch_perfmon pebs bts rep_good nopl xtopology nonstop_tsc cpuid aperfmperf pni pclmulqdq dtes64 monitor ds_cpl vmx est tm2 ssse3 sdbg fma cx16 xtpr pdcm pcid sse4_1 sse4_2 movbe popcnt tsc_deadline_timer aes xsave avx f16c rdrand lahf_lm abm cpuid_fault epb invpcid_single pti ssbd ibrs ibpb stibp tpr_shadow vnmi flexpriority ept vpid ept_ad fsgsbase tsc_adjust bmi1 avx2 smep bmi2 erms invpcid xsaveopt dtherm ida arat pln pts md_clear flush_l1d

Memory: 4k page, physical 8108952k(131868k free), swap 2097148k(194292k free)

vm_info: Java HotSpot(TM) 64-Bit Server VM (11.0.1+13-LTS) for linux-amd64 JRE (11.0.1+13-LTS), built on Oct  6 2018 05:13:05 by "mach5one" with gcc 7.3.0

END.
